{
  "RSpec": {
    "coverage": {
      "/Users/larusso/work/projects/trello-webhook-listener/lib/hooks.rb": [
        1,
        1,
        null,
        1,
        1,
        1,
        1,
        null,
        1,
        0,
        null,
        null,
        1,
        0,
        null,
        null,
        1,
        null
      ],
      "/Users/larusso/work/projects/trello-webhook-listener/lib/hooks/hook_helper.rb": [
        1,
        1,
        null,
        1,
        1,
        30,
        null,
        null,
        null
      ],
      "/Users/larusso/work/projects/trello-webhook-listener/lib/trello/convert_to_card_action.rb": [
        1,
        null,
        1,
        1,
        null,
        1,
        1,
        null,
        1,
        14,
        null,
        null,
        1,
        25,
        25,
        18,
        null,
        25,
        null,
        null,
        1,
        40,
        39,
        null,
        null,
        1,
        60,
        null,
        null,
        null
      ],
      "/Users/larusso/work/projects/trello-webhook-listener/lib/hooks/auto_assign.rb": [
        1,
        1,
        null,
        1,
        1,
        null,
        1,
        2,
        1,
        1,
        null,
        null,
        null,
        2,
        null,
        null,
        1,
        2,
        null,
        null,
        1,
        1,
        null,
        null,
        null
      ],
      "/Users/larusso/work/projects/trello-webhook-listener/lib/hooks/base.rb": [
        1,
        1,
        null,
        1,
        1,
        null,
        1,
        null,
        1,
        77,
        null,
        1,
        null,
        1,
        null,
        75,
        null,
        77,
        null,
        null,
        1,
        59,
        59,
        null,
        1,
        null,
        null,
        null,
        1,
        31,
        31,
        null,
        6,
        null,
        null,
        null,
        1,
        46,
        46,
        null,
        0,
        null,
        null,
        null,
        1,
        6,
        null,
        null,
        1,
        0,
        null,
        null,
        1,
        9,
        null,
        null,
        1,
        6,
        null,
        null,
        1,
        13,
        null,
        null,
        1,
        7,
        null,
        null,
        1,
        null,
        null,
        null
      ],
      "/Users/larusso/work/projects/trello-webhook-listener/lib/hooks/auto_version.rb": [
        1,
        null,
        1,
        null,
        1,
        1,
        null,
        1,
        1,
        null,
        1,
        9,
        null,
        9,
        6,
        null,
        6,
        6,
        6,
        null,
        6,
        6,
        null,
        3,
        3,
        3,
        9,
        null,
        null,
        null,
        null,
        1,
        15,
        null,
        15,
        10,
        10,
        3,
        3,
        null,
        7,
        null,
        null,
        10,
        null,
        10,
        20,
        null,
        null,
        10,
        null,
        null,
        null,
        1,
        27,
        27,
        25,
        25,
        null,
        27,
        null,
        null,
        1,
        14,
        null,
        null,
        1,
        113,
        null,
        null,
        1,
        85,
        null,
        null,
        1,
        10,
        10,
        44,
        44,
        null,
        10,
        null,
        null,
        1,
        2,
        null,
        null,
        1,
        4,
        null,
        null,
        1,
        12,
        60,
        null,
        null,
        null,
        1,
        2,
        2,
        10,
        null,
        null,
        null,
        null
      ],
      "/Users/larusso/work/projects/trello-webhook-listener/lib/hooks/convert_check_item_to_sub_task.rb": [
        1,
        1,
        1,
        null,
        1,
        1,
        null,
        1,
        null,
        1,
        16,
        null,
        2,
        null,
        2,
        null,
        2,
        null,
        10,
        null,
        16,
        12,
        null,
        null,
        1,
        8,
        null,
        null,
        15,
        6,
        6,
        6,
        null,
        null,
        6,
        6,
        null,
        null,
        36,
        6,
        6,
        null,
        6,
        6,
        null,
        0,
        null,
        null,
        6,
        null,
        null,
        null,
        null
      ],
      "/Users/larusso/work/projects/trello-webhook-listener/lib/listen.rb": [
        1,
        1,
        1,
        1,
        1,
        1,
        1,
        1,
        1,
        1,
        1,
        1,
        1,
        1,
        null,
        1,
        1,
        111,
        null,
        null,
        null,
        1,
        null,
        null,
        null,
        null,
        null,
        null,
        null,
        1,
        0,
        null,
        null,
        1,
        0,
        null,
        null,
        null,
        null,
        null,
        null,
        1,
        0,
        null,
        null,
        1,
        0,
        0,
        null,
        0,
        0,
        0,
        null,
        0,
        0,
        null,
        null,
        0,
        0,
        null,
        0,
        null,
        null,
        1,
        4,
        null,
        1,
        null,
        null,
        1,
        3,
        null,
        null,
        1,
        0,
        0,
        0,
        0,
        null,
        0,
        0,
        null,
        0,
        null,
        null,
        0,
        0,
        null,
        0,
        null,
        null,
        null,
        null,
        null,
        null,
        null,
        1,
        0,
        null,
        null,
        1,
        0,
        0,
        0,
        null,
        0,
        0,
        null,
        0,
        null,
        null,
        0,
        null,
        null,
        null,
        null,
        null,
        null,
        1,
        0,
        null,
        null,
        1,
        0,
        0,
        0,
        null,
        0,
        0,
        null,
        0,
        null,
        null,
        0,
        null,
        null,
        1,
        3,
        null,
        null,
        null,
        3,
        null,
        3,
        9,
        9,
        9,
        null,
        null,
        3,
        3,
        null,
        3,
        null,
        null
      ],
      "/Users/larusso/work/projects/trello-webhook-listener/lib/version.rb": [
        1,
        1,
        null
      ],
      "/Users/larusso/work/projects/trello-webhook-listener/lib/client.rb": [
        1,
        null,
        1,
        1,
        1,
        null
      ]
    },
    "timestamp": 1426413805
  }
}
